  mycoolbuild
  Microsoft (R) C/C++ Optimizing Compiler Version 19.16.27025.1 for x86
  Copyright (C) Microsoft Corporation.  All rights reserved.
  
  d_draw.s
  Microsoft (R) Macro Assembler Version 14.16.27025.1
  Copyright (C) Microsoft Corporation.  All rights reserved.
  
   Assembling: .\Debug\d_draw.asm
  mycoolbuild
  Microsoft (R) C/C++ Optimizing Compiler Version 19.16.27025.1 for x86
  Copyright (C) Microsoft Corporation.  All rights reserved.
  
  d_draw16.s
  Microsoft (R) Macro Assembler Version 14.16.27025.1
  Copyright (C) Microsoft Corporation.  All rights reserved.
  
   Assembling: .\Debug\d_draw16.asm
  mycoolbuild
  Microsoft (R) C/C++ Optimizing Compiler Version 19.16.27025.1 for x86
  Copyright (C) Microsoft Corporation.  All rights reserved.
  
  d_parta.s
  Microsoft (R) Macro Assembler Version 14.16.27025.1
  Copyright (C) Microsoft Corporation.  All rights reserved.
  
   Assembling: .\Debug\d_parta.asm
  mycoolbuild
  Microsoft (R) C/C++ Optimizing Compiler Version 19.16.27025.1 for x86
  Copyright (C) Microsoft Corporation.  All rights reserved.
  
  d_polysa.s
  Microsoft (R) Macro Assembler Version 14.16.27025.1
  Copyright (C) Microsoft Corporation.  All rights reserved.
  
   Assembling: .\Debug\d_polysa.asm
  mycoolbuild
  Microsoft (R) C/C++ Optimizing Compiler Version 19.16.27025.1 for x86
  Copyright (C) Microsoft Corporation.  All rights reserved.
  
  d_scana.s
  Microsoft (R) Macro Assembler Version 14.16.27025.1
  Copyright (C) Microsoft Corporation.  All rights reserved.
  
   Assembling: .\Debug\d_scana.asm
  mycoolbuild
  Microsoft (R) C/C++ Optimizing Compiler Version 19.16.27025.1 for x86
  Copyright (C) Microsoft Corporation.  All rights reserved.
  
  d_spr8.s
  Microsoft (R) Macro Assembler Version 14.16.27025.1
  Copyright (C) Microsoft Corporation.  All rights reserved.
  
   Assembling: .\Debug\d_spr8.asm
  mycoolbuild
  Microsoft (R) C/C++ Optimizing Compiler Version 19.16.27025.1 for x86
  Copyright (C) Microsoft Corporation.  All rights reserved.
  
  d_varsa.s
  Microsoft (R) Macro Assembler Version 14.16.27025.1
  Copyright (C) Microsoft Corporation.  All rights reserved.
  
   Assembling: .\Debug\d_varsa.asm
  mycoolbuild
  Microsoft (R) C/C++ Optimizing Compiler Version 19.16.27025.1 for x86
  Copyright (C) Microsoft Corporation.  All rights reserved.
  
  math.s
  Microsoft (R) Macro Assembler Version 14.16.27025.1
  Copyright (C) Microsoft Corporation.  All rights reserved.
  
   Assembling: .\Debug\math.asm
  mycoolbuild
  Microsoft (R) C/C++ Optimizing Compiler Version 19.16.27025.1 for x86
  Copyright (C) Microsoft Corporation.  All rights reserved.
  
  r_aclipa.s
  Microsoft (R) Macro Assembler Version 14.16.27025.1
  Copyright (C) Microsoft Corporation.  All rights reserved.
  
   Assembling: .\Debug\r_aclipa.asm
  mycoolbuild
  Microsoft (R) C/C++ Optimizing Compiler Version 19.16.27025.1 for x86
  Copyright (C) Microsoft Corporation.  All rights reserved.
  
  r_aliasa.s
  Microsoft (R) Macro Assembler Version 14.16.27025.1
  Copyright (C) Microsoft Corporation.  All rights reserved.
  
   Assembling: .\Debug\r_aliasa.asm
  mycoolbuild
  Microsoft (R) C/C++ Optimizing Compiler Version 19.16.27025.1 for x86
  Copyright (C) Microsoft Corporation.  All rights reserved.
  
  r_drawa.s
  Microsoft (R) Macro Assembler Version 14.16.27025.1
  Copyright (C) Microsoft Corporation.  All rights reserved.
  
   Assembling: .\Debug\r_drawa.asm
  mycoolbuild
  Microsoft (R) C/C++ Optimizing Compiler Version 19.16.27025.1 for x86
  Copyright (C) Microsoft Corporation.  All rights reserved.
  
  r_edgea.s
  Microsoft (R) Macro Assembler Version 14.16.27025.1
  Copyright (C) Microsoft Corporation.  All rights reserved.
  
   Assembling: .\Debug\r_edgea.asm
  mycoolbuild
  Microsoft (R) C/C++ Optimizing Compiler Version 19.16.27025.1 for x86
  Copyright (C) Microsoft Corporation.  All rights reserved.
  
  r_varsa.s
  Microsoft (R) Macro Assembler Version 14.16.27025.1
  Copyright (C) Microsoft Corporation.  All rights reserved.
  
   Assembling: .\Debug\r_varsa.asm
  mycoolbuild
  Microsoft (R) C/C++ Optimizing Compiler Version 19.16.27025.1 for x86
  Copyright (C) Microsoft Corporation.  All rights reserved.
  
  snd_mixa.s
  Microsoft (R) Macro Assembler Version 14.16.27025.1
  Copyright (C) Microsoft Corporation.  All rights reserved.
  
   Assembling: .\Debug\snd_mixa.asm
  mycoolbuild
  Microsoft (R) C/C++ Optimizing Compiler Version 19.16.27025.1 for x86
  Copyright (C) Microsoft Corporation.  All rights reserved.
  
  surf16.s
  Microsoft (R) Macro Assembler Version 14.16.27025.1
  Copyright (C) Microsoft Corporation.  All rights reserved.
  
   Assembling: .\Debug\surf16.asm
  mycoolbuild
  Microsoft (R) C/C++ Optimizing Compiler Version 19.16.27025.1 for x86
  Copyright (C) Microsoft Corporation.  All rights reserved.
  
  surf8.s
  Microsoft (R) Macro Assembler Version 14.16.27025.1
  Copyright (C) Microsoft Corporation.  All rights reserved.
  
   Assembling: .\Debug\surf8.asm
  mycoolbuild
  Microsoft (R) C/C++ Optimizing Compiler Version 19.16.27025.1 for x86
  Copyright (C) Microsoft Corporation.  All rights reserved.
  
  sys_wina.s
  Microsoft (R) Macro Assembler Version 14.16.27025.1
  Copyright (C) Microsoft Corporation.  All rights reserved.
  
   Assembling: .\Debug\sys_wina.asm
  mycoolbuild
  Microsoft (R) C/C++ Optimizing Compiler Version 19.16.27025.1 for x86
  Copyright (C) Microsoft Corporation.  All rights reserved.
  
  worlda.s
  Microsoft (R) Macro Assembler Version 14.16.27025.1
  Copyright (C) Microsoft Corporation.  All rights reserved.
  
   Assembling: .\Debug\worlda.asm
  cd_win.c
  chase.c
  cl_demo.c
  cl_input.c
  cl_main.c
  cl_parse.c
  cl_tent.c
  cmd.c
  common.c
  conproc.c
  console.c
  crc.c
  cvar.c
  draw.c
  d_edge.c
  d_fill.c
  d_init.c
  d_modech.c
  d_part.c
  d_polyse.c
  Generating Code...
  Compiling...
  d_scan.c
  d_sky.c
  d_sprite.c
  d_surf.c
  d_vars.c
  d_zpoint.c
  host.c
  host_cmd.c
  in_win.c
  keys.c
  mathlib.c
  menu.c
  model.c
  net_dgrm.c
  net_loop.c
  net_main.c
  net_vcr.c
  net_win.c
  net_wins.c
  net_wipx.c
  Generating Code...
c:\users\simon\documents\quake\quake\winquake\in_win.c(883): warning C4715: 'RawValuePointer': not all control paths return a value
  Compiling...
  pr_cmds.c
  pr_edict.c
  pr_exec.c
  r_aclip.c
  r_alias.c
  r_bsp.c
  r_draw.c
  r_edge.c
  r_efrag.c
  r_light.c
  r_main.c
  r_misc.c
  r_part.c
  r_sky.c
  r_sprite.c
  r_surf.c
  r_vars.c
  sbar.c
  screen.c
  snd_dma.c
  Generating Code...
  Compiling...
  snd_mem.c
  snd_mix.c
  snd_win.c
  sv_main.c
  sv_move.c
  sv_phys.c
  sv_user.c
  sys_win.c
  vid_win.c
  view.c
  wad.c
  world.c
  zone.c
  Generating Code...
c:\users\simon\documents\quake\quake\winquake\vid_win.c(348): warning C4715: 'VID_Suspend': not all control paths return a value
winquake.rc(10): fatal error RC1015: cannot open include file 'afxres.h'.
  
